Determining if the pthread_create exist failed with the following output:
Change Dir: /home/dasuda/david/cudaCV/examples/erode_dilate/build/CMakeFiles/CMakeTmp

Run Build Command:"/usr/bin/make" "cmTC_932c7/fast"
/usr/bin/make -f CMakeFiles/cmTC_932c7.dir/build.make CMakeFiles/cmTC_932c7.dir/build
make[1]: Entering directory '/home/dasuda/david/cudaCV/examples/erode_dilate/build/CMakeFiles/CMakeTmp'
Building C object CMakeFiles/cmTC_932c7.dir/CheckSymbolExists.c.o
/usr/bin/cc    -fPIC    -o CMakeFiles/cmTC_932c7.dir/CheckSymbolExists.c.o   -c /home/dasuda/david/cudaCV/examples/erode_dilate/build/CMakeFiles/CMakeTmp/CheckSymbolExists.c
Linking C executable cmTC_932c7
/usr/bin/cmake -E cmake_link_script CMakeFiles/cmTC_932c7.dir/link.txt --verbose=1
/usr/bin/cc  -fPIC     CMakeFiles/cmTC_932c7.dir/CheckSymbolExists.c.o  -o cmTC_932c7 
CMakeFiles/cmTC_932c7.dir/CheckSymbolExists.c.o：在函数‘main’中：
CheckSymbolExists.c:(.text+0x1b)：对‘pthread_create’未定义的引用
collect2: error: ld returned 1 exit status
CMakeFiles/cmTC_932c7.dir/build.make:97: recipe for target 'cmTC_932c7' failed
make[1]: *** [cmTC_932c7] Error 1
make[1]: Leaving directory '/home/dasuda/david/cudaCV/examples/erode_dilate/build/CMakeFiles/CMakeTmp'
Makefile:126: recipe for target 'cmTC_932c7/fast' failed
make: *** [cmTC_932c7/fast] Error 2

File /home/dasuda/david/cudaCV/examples/erode_dilate/build/CMakeFiles/CMakeTmp/CheckSymbolExists.c:
/* */
#include <pthread.h>

int main(int argc, char** argv)
{
  (void)argv;
#ifndef pthread_create
  return ((int*)(&pthread_create))[argc];
#else
  (void)argc;
  return 0;
#endif
}

Determining if the function pthread_create exists in the pthreads failed with the following output:
Change Dir: /home/dasuda/david/cudaCV/examples/erode_dilate/build/CMakeFiles/CMakeTmp

Run Build Command:"/usr/bin/make" "cmTC_96873/fast"
/usr/bin/make -f CMakeFiles/cmTC_96873.dir/build.make CMakeFiles/cmTC_96873.dir/build
make[1]: Entering directory '/home/dasuda/david/cudaCV/examples/erode_dilate/build/CMakeFiles/CMakeTmp'
Building C object CMakeFiles/cmTC_96873.dir/CheckFunctionExists.c.o
/usr/bin/cc    -fPIC -DCHECK_FUNCTION_EXISTS=pthread_create   -o CMakeFiles/cmTC_96873.dir/CheckFunctionExists.c.o   -c /usr/share/cmake-3.5/Modules/CheckFunctionExists.c
Linking C executable cmTC_96873
/usr/bin/cmake -E cmake_link_script CMakeFiles/cmTC_96873.dir/link.txt --verbose=1
/usr/bin/cc  -fPIC -DCHECK_FUNCTION_EXISTS=pthread_create    CMakeFiles/cmTC_96873.dir/CheckFunctionExists.c.o  -o cmTC_96873 -lpthreads 
/usr/bin/ld: 找不到 -lpthreads
collect2: error: ld returned 1 exit status
CMakeFiles/cmTC_96873.dir/build.make:97: recipe for target 'cmTC_96873' failed
make[1]: *** [cmTC_96873] Error 1
make[1]: Leaving directory '/home/dasuda/david/cudaCV/examples/erode_dilate/build/CMakeFiles/CMakeTmp'
Makefile:126: recipe for target 'cmTC_96873/fast' failed
make: *** [cmTC_96873/fast] Error 2


