Determining if the pthread_create exist failed with the following output:
Change Dir: /home/dasuda/david/cudaCV/examples/blur/build/CMakeFiles/CMakeTmp

Run Build Command:"/usr/bin/make" "cmTC_ecce3/fast"
/usr/bin/make -f CMakeFiles/cmTC_ecce3.dir/build.make CMakeFiles/cmTC_ecce3.dir/build
make[1]: Entering directory '/home/dasuda/david/cudaCV/examples/blur/build/CMakeFiles/CMakeTmp'
Building C object CMakeFiles/cmTC_ecce3.dir/CheckSymbolExists.c.o
/usr/bin/cc    -fPIC    -o CMakeFiles/cmTC_ecce3.dir/CheckSymbolExists.c.o   -c /home/dasuda/david/cudaCV/examples/blur/build/CMakeFiles/CMakeTmp/CheckSymbolExists.c
Linking C executable cmTC_ecce3
/usr/bin/cmake -E cmake_link_script CMakeFiles/cmTC_ecce3.dir/link.txt --verbose=1
/usr/bin/cc  -fPIC     CMakeFiles/cmTC_ecce3.dir/CheckSymbolExists.c.o  -o cmTC_ecce3 
CMakeFiles/cmTC_ecce3.dir/CheckSymbolExists.c.o：在函数‘main’中：
CheckSymbolExists.c:(.text+0x1b)：对‘pthread_create’未定义的引用
collect2: error: ld returned 1 exit status
CMakeFiles/cmTC_ecce3.dir/build.make:97: recipe for target 'cmTC_ecce3' failed
make[1]: *** [cmTC_ecce3] Error 1
make[1]: Leaving directory '/home/dasuda/david/cudaCV/examples/blur/build/CMakeFiles/CMakeTmp'
Makefile:126: recipe for target 'cmTC_ecce3/fast' failed
make: *** [cmTC_ecce3/fast] Error 2

File /home/dasuda/david/cudaCV/examples/blur/build/CMakeFiles/CMakeTmp/CheckSymbolExists.c:
/* */
#include <pthread.h>

int main(int argc, char** argv)
{
  (void)argv;
#ifndef pthread_create
  return ((int*)(&pthread_create))[argc];
#else
  (void)argc;
  return 0;
#endif
}

Determining if the function pthread_create exists in the pthreads failed with the following output:
Change Dir: /home/dasuda/david/cudaCV/examples/blur/build/CMakeFiles/CMakeTmp

Run Build Command:"/usr/bin/make" "cmTC_7650f/fast"
/usr/bin/make -f CMakeFiles/cmTC_7650f.dir/build.make CMakeFiles/cmTC_7650f.dir/build
make[1]: Entering directory '/home/dasuda/david/cudaCV/examples/blur/build/CMakeFiles/CMakeTmp'
Building C object CMakeFiles/cmTC_7650f.dir/CheckFunctionExists.c.o
/usr/bin/cc    -fPIC -DCHECK_FUNCTION_EXISTS=pthread_create   -o CMakeFiles/cmTC_7650f.dir/CheckFunctionExists.c.o   -c /usr/share/cmake-3.5/Modules/CheckFunctionExists.c
Linking C executable cmTC_7650f
/usr/bin/cmake -E cmake_link_script CMakeFiles/cmTC_7650f.dir/link.txt --verbose=1
/usr/bin/cc  -fPIC -DCHECK_FUNCTION_EXISTS=pthread_create    CMakeFiles/cmTC_7650f.dir/CheckFunctionExists.c.o  -o cmTC_7650f -lpthreads 
/usr/bin/ld: 找不到 -lpthreads
collect2: error: ld returned 1 exit status
CMakeFiles/cmTC_7650f.dir/build.make:97: recipe for target 'cmTC_7650f' failed
make[1]: *** [cmTC_7650f] Error 1
make[1]: Leaving directory '/home/dasuda/david/cudaCV/examples/blur/build/CMakeFiles/CMakeTmp'
Makefile:126: recipe for target 'cmTC_7650f/fast' failed
make: *** [cmTC_7650f/fast] Error 2


