Determining if the pthread_create exist failed with the following output:
Change Dir: /home/dasuda/david/cudaCV/examples/binarization/build/CMakeFiles/CMakeTmp

Run Build Command:"/usr/bin/make" "cmTC_f8196/fast"
/usr/bin/make -f CMakeFiles/cmTC_f8196.dir/build.make CMakeFiles/cmTC_f8196.dir/build
make[1]: Entering directory '/home/dasuda/david/cudaCV/examples/binarization/build/CMakeFiles/CMakeTmp'
Building C object CMakeFiles/cmTC_f8196.dir/CheckSymbolExists.c.o
/usr/bin/cc    -fPIC    -o CMakeFiles/cmTC_f8196.dir/CheckSymbolExists.c.o   -c /home/dasuda/david/cudaCV/examples/binarization/build/CMakeFiles/CMakeTmp/CheckSymbolExists.c
Linking C executable cmTC_f8196
/usr/bin/cmake -E cmake_link_script CMakeFiles/cmTC_f8196.dir/link.txt --verbose=1
/usr/bin/cc  -fPIC     CMakeFiles/cmTC_f8196.dir/CheckSymbolExists.c.o  -o cmTC_f8196 
CMakeFiles/cmTC_f8196.dir/CheckSymbolExists.c.o：在函数‘main’中：
CheckSymbolExists.c:(.text+0x1b)：对‘pthread_create’未定义的引用
collect2: error: ld returned 1 exit status
CMakeFiles/cmTC_f8196.dir/build.make:97: recipe for target 'cmTC_f8196' failed
make[1]: *** [cmTC_f8196] Error 1
make[1]: Leaving directory '/home/dasuda/david/cudaCV/examples/binarization/build/CMakeFiles/CMakeTmp'
Makefile:126: recipe for target 'cmTC_f8196/fast' failed
make: *** [cmTC_f8196/fast] Error 2

File /home/dasuda/david/cudaCV/examples/binarization/build/CMakeFiles/CMakeTmp/CheckSymbolExists.c:
/* */
#include <pthread.h>

int main(int argc, char** argv)
{
  (void)argv;
#ifndef pthread_create
  return ((int*)(&pthread_create))[argc];
#else
  (void)argc;
  return 0;
#endif
}

Determining if the function pthread_create exists in the pthreads failed with the following output:
Change Dir: /home/dasuda/david/cudaCV/examples/binarization/build/CMakeFiles/CMakeTmp

Run Build Command:"/usr/bin/make" "cmTC_7d109/fast"
/usr/bin/make -f CMakeFiles/cmTC_7d109.dir/build.make CMakeFiles/cmTC_7d109.dir/build
make[1]: Entering directory '/home/dasuda/david/cudaCV/examples/binarization/build/CMakeFiles/CMakeTmp'
Building C object CMakeFiles/cmTC_7d109.dir/CheckFunctionExists.c.o
/usr/bin/cc    -fPIC -DCHECK_FUNCTION_EXISTS=pthread_create   -o CMakeFiles/cmTC_7d109.dir/CheckFunctionExists.c.o   -c /usr/share/cmake-3.5/Modules/CheckFunctionExists.c
Linking C executable cmTC_7d109
/usr/bin/cmake -E cmake_link_script CMakeFiles/cmTC_7d109.dir/link.txt --verbose=1
/usr/bin/cc  -fPIC -DCHECK_FUNCTION_EXISTS=pthread_create    CMakeFiles/cmTC_7d109.dir/CheckFunctionExists.c.o  -o cmTC_7d109 -lpthreads 
/usr/bin/ld: 找不到 -lpthreads
collect2: error: ld returned 1 exit status
CMakeFiles/cmTC_7d109.dir/build.make:97: recipe for target 'cmTC_7d109' failed
make[1]: *** [cmTC_7d109] Error 1
make[1]: Leaving directory '/home/dasuda/david/cudaCV/examples/binarization/build/CMakeFiles/CMakeTmp'
Makefile:126: recipe for target 'cmTC_7d109/fast' failed
make: *** [cmTC_7d109/fast] Error 2


