Determining if the pthread_create exist failed with the following output:
Change Dir: /home/dasuda/david/cudaCV/examples/nodeProcess/build/CMakeFiles/CMakeTmp

Run Build Command:"/usr/bin/make" "cmTC_ab020/fast"
/usr/bin/make -f CMakeFiles/cmTC_ab020.dir/build.make CMakeFiles/cmTC_ab020.dir/build
make[1]: Entering directory '/home/dasuda/david/cudaCV/examples/nodeProcess/build/CMakeFiles/CMakeTmp'
Building C object CMakeFiles/cmTC_ab020.dir/CheckSymbolExists.c.o
/usr/bin/cc    -fPIC    -o CMakeFiles/cmTC_ab020.dir/CheckSymbolExists.c.o   -c /home/dasuda/david/cudaCV/examples/nodeProcess/build/CMakeFiles/CMakeTmp/CheckSymbolExists.c
Linking C executable cmTC_ab020
/usr/bin/cmake -E cmake_link_script CMakeFiles/cmTC_ab020.dir/link.txt --verbose=1
/usr/bin/cc  -fPIC     CMakeFiles/cmTC_ab020.dir/CheckSymbolExists.c.o  -o cmTC_ab020 
CMakeFiles/cmTC_ab020.dir/CheckSymbolExists.c.o：在函数‘main’中：
CheckSymbolExists.c:(.text+0x1b)：对‘pthread_create’未定义的引用
collect2: error: ld returned 1 exit status
CMakeFiles/cmTC_ab020.dir/build.make:97: recipe for target 'cmTC_ab020' failed
make[1]: *** [cmTC_ab020] Error 1
make[1]: Leaving directory '/home/dasuda/david/cudaCV/examples/nodeProcess/build/CMakeFiles/CMakeTmp'
Makefile:126: recipe for target 'cmTC_ab020/fast' failed
make: *** [cmTC_ab020/fast] Error 2

File /home/dasuda/david/cudaCV/examples/nodeProcess/build/CMakeFiles/CMakeTmp/CheckSymbolExists.c:
/* */
#include <pthread.h>

int main(int argc, char** argv)
{
  (void)argv;
#ifndef pthread_create
  return ((int*)(&pthread_create))[argc];
#else
  (void)argc;
  return 0;
#endif
}

Determining if the function pthread_create exists in the pthreads failed with the following output:
Change Dir: /home/dasuda/david/cudaCV/examples/nodeProcess/build/CMakeFiles/CMakeTmp

Run Build Command:"/usr/bin/make" "cmTC_60052/fast"
/usr/bin/make -f CMakeFiles/cmTC_60052.dir/build.make CMakeFiles/cmTC_60052.dir/build
make[1]: Entering directory '/home/dasuda/david/cudaCV/examples/nodeProcess/build/CMakeFiles/CMakeTmp'
Building C object CMakeFiles/cmTC_60052.dir/CheckFunctionExists.c.o
/usr/bin/cc    -fPIC -DCHECK_FUNCTION_EXISTS=pthread_create   -o CMakeFiles/cmTC_60052.dir/CheckFunctionExists.c.o   -c /usr/share/cmake-3.5/Modules/CheckFunctionExists.c
Linking C executable cmTC_60052
/usr/bin/cmake -E cmake_link_script CMakeFiles/cmTC_60052.dir/link.txt --verbose=1
/usr/bin/cc  -fPIC -DCHECK_FUNCTION_EXISTS=pthread_create    CMakeFiles/cmTC_60052.dir/CheckFunctionExists.c.o  -o cmTC_60052 -lpthreads 
/usr/bin/ld: 找不到 -lpthreads
collect2: error: ld returned 1 exit status
CMakeFiles/cmTC_60052.dir/build.make:97: recipe for target 'cmTC_60052' failed
make[1]: *** [cmTC_60052] Error 1
make[1]: Leaving directory '/home/dasuda/david/cudaCV/examples/nodeProcess/build/CMakeFiles/CMakeTmp'
Makefile:126: recipe for target 'cmTC_60052/fast' failed
make: *** [cmTC_60052/fast] Error 2


